<?xml version="1.0" encoding="UTF-8"?>
<testng-results skipped="0" failed="0" total="3" passed="3">
  <reporter-output>
  </reporter-output>
  <suite name="Suite" duration-ms="115373" started-at="2020-04-20T09:14:02Z" finished-at="2020-04-20T09:15:57Z">
    <groups>
    </groups>
    <test name="Test" duration-ms="115373" started-at="2020-04-20T09:14:02Z" finished-at="2020-04-20T09:15:57Z">
      <class name="Base.BrowserTest">
        <test-method status="PASS" signature="LaunchDriver()[pri:0, instance:Base.BrowserTest@4520ebad]" name="LaunchDriver" is-config="true" duration-ms="50856" started-at="2020-04-20T09:14:02Z" finished-at="2020-04-20T09:14:53Z">
        </test-method> <!-- LaunchDriver -->
        <test-method status="PASS" signature="Test1()[pri:0, instance:Base.BrowserTest@4520ebad]" name="Test1" duration-ms="6286" started-at="2020-04-20T09:14:53Z" finished-at="2020-04-20T09:14:59Z">
        </test-method> <!-- Test1 -->
        <test-method status="PASS" signature="quit()[pri:0, instance:Base.BrowserTest@4520ebad]" name="quit" is-config="true" duration-ms="9389" started-at="2020-04-20T09:14:59Z" finished-at="2020-04-20T09:15:08Z">
        </test-method> <!-- quit -->
        <test-method status="PASS" signature="LaunchDriver()[pri:0, instance:Base.BrowserTest@4520ebad]" name="LaunchDriver" is-config="true" duration-ms="10520" started-at="2020-04-20T09:15:08Z" finished-at="2020-04-20T09:15:19Z">
        </test-method> <!-- LaunchDriver -->
        <test-method status="PASS" signature="Test2()[pri:0, instance:Base.BrowserTest@4520ebad]" name="Test2" duration-ms="4115" started-at="2020-04-20T09:15:19Z" finished-at="2020-04-20T09:15:23Z">
        </test-method> <!-- Test2 -->
        <test-method status="PASS" signature="quit()[pri:0, instance:Base.BrowserTest@4520ebad]" name="quit" is-config="true" duration-ms="11999" started-at="2020-04-20T09:15:23Z" finished-at="2020-04-20T09:15:35Z">
        </test-method> <!-- quit -->
        <test-method status="PASS" signature="LaunchDriver()[pri:0, instance:Base.BrowserTest@4520ebad]" name="LaunchDriver" is-config="true" duration-ms="9068" started-at="2020-04-20T09:15:35Z" finished-at="2020-04-20T09:15:44Z">
        </test-method> <!-- LaunchDriver -->
        <test-method status="PASS" signature="Test3()[pri:0, instance:Base.BrowserTest@4520ebad]" name="Test3" duration-ms="4003" started-at="2020-04-20T09:15:44Z" finished-at="2020-04-20T09:15:48Z">
        </test-method> <!-- Test3 -->
        <test-method status="PASS" signature="quit()[pri:0, instance:Base.BrowserTest@4520ebad]" name="quit" is-config="true" duration-ms="9101" started-at="2020-04-20T09:15:48Z" finished-at="2020-04-20T09:15:57Z">
        </test-method> <!-- quit -->
      </class> <!-- Base.BrowserTest -->
    </test> <!-- Test -->
  </suite> <!-- Suite -->
</testng-results>
