<?xml version="1.0" encoding="UTF-8"?>
<testng-results skipped="0" failed="0" total="3" passed="3">
  <reporter-output>
  </reporter-output>
  <suite name="Default suite" duration-ms="97959" started-at="2020-04-18T18:56:23Z" finished-at="2020-04-18T18:58:01Z">
    <groups>
    </groups>
    <test name="Default test" duration-ms="97959" started-at="2020-04-18T18:56:23Z" finished-at="2020-04-18T18:58:01Z">
      <class name="BrowserTest">
        <test-method status="PASS" signature="LaunchDriver()[pri:0, instance:BrowserTest@4590c9c3]" name="LaunchDriver" is-config="true" duration-ms="33749" started-at="2020-04-18T18:56:23Z" finished-at="2020-04-18T18:56:57Z">
        </test-method> <!-- LaunchDriver -->
        <test-method status="PASS" signature="Test1()[pri:0, instance:BrowserTest@4590c9c3]" name="Test1" duration-ms="4068" started-at="2020-04-18T18:56:57Z" finished-at="2020-04-18T18:57:01Z">
        </test-method> <!-- Test1 -->
        <test-method status="PASS" signature="quit()[pri:0, instance:BrowserTest@4590c9c3]" name="quit" is-config="true" duration-ms="10816" started-at="2020-04-18T18:57:01Z" finished-at="2020-04-18T18:57:12Z">
        </test-method> <!-- quit -->
        <test-method status="PASS" signature="LaunchDriver()[pri:0, instance:BrowserTest@4590c9c3]" name="LaunchDriver" is-config="true" duration-ms="11243" started-at="2020-04-18T18:57:12Z" finished-at="2020-04-18T18:57:23Z">
        </test-method> <!-- LaunchDriver -->
        <test-method status="PASS" signature="Test2()[pri:0, instance:BrowserTest@4590c9c3]" name="Test2" duration-ms="3386" started-at="2020-04-18T18:57:23Z" finished-at="2020-04-18T18:57:27Z">
        </test-method> <!-- Test2 -->
        <test-method status="PASS" signature="quit()[pri:0, instance:BrowserTest@4590c9c3]" name="quit" is-config="true" duration-ms="10144" started-at="2020-04-18T18:57:27Z" finished-at="2020-04-18T18:57:37Z">
        </test-method> <!-- quit -->
        <test-method status="PASS" signature="LaunchDriver()[pri:0, instance:BrowserTest@4590c9c3]" name="LaunchDriver" is-config="true" duration-ms="10658" started-at="2020-04-18T18:57:37Z" finished-at="2020-04-18T18:57:47Z">
        </test-method> <!-- LaunchDriver -->
        <test-method status="PASS" signature="Test3()[pri:0, instance:BrowserTest@4590c9c3]" name="Test3" duration-ms="4409" started-at="2020-04-18T18:57:47Z" finished-at="2020-04-18T18:57:52Z">
        </test-method> <!-- Test3 -->
        <test-method status="PASS" signature="quit()[pri:0, instance:BrowserTest@4590c9c3]" name="quit" is-config="true" duration-ms="9435" started-at="2020-04-18T18:57:52Z" finished-at="2020-04-18T18:58:01Z">
        </test-method> <!-- quit -->
      </class> <!-- BrowserTest -->
    </test> <!-- Default test -->
  </suite> <!-- Default suite -->
</testng-results>
